<?xml version="1.0" encoding="UTF-8"?>
<!-- Generated by org.testng.reporters.JUnitReportReporter -->
<testsuite hostname="LAPTOP-4UU3SGMU" failures="0" tests="2" name="com.testng.UnitTestingTestNG" time="0.006" errors="0" timestamp="2024-01-19T23:04:13 IST" skipped="0">
  <testcase classname="com.testng.UnitTestingTestNG" name="test1" time="0.005"/>
  <system-out/>
  <testcase classname="com.testng.UnitTestingTestNG" name="test2" time="0.001"/>
  <system-out/>
</testsuite> <!-- com.testng.UnitTestingTestNG -->
