<?xml version="1.0" encoding="UTF-8"?>
<!-- Generated by org.testng.reporters.JUnitReportReporter -->
<testsuite hostname="LAPTOP-4UU3SGMU" failures="0" tests="1" name="com.testng1.B" time="0.001" errors="0" timestamp="2024-01-19T23:04:13 IST" skipped="0">
  <testcase classname="com.testng1.B" name="method" time="0.001"/>
  <system-out/>
</testsuite> <!-- com.testng1.B -->
