<?xml version="1.0" encoding="UTF-8"?>
<!-- Generated by org.testng.reporters.JUnitReportReporter -->
<testsuite hostname="LAPTOP-4UU3SGMU" failures="0" tests="2" name="com.testng.UnitTestingTestNG" time="0.007" errors="0" timestamp="2024-01-15T18:43:41 IST" skipped="0">
  <testcase classname="com.testng.UnitTestingTestNG" name="test1" time="0.006"/>
  <system-out/>
  <testcase classname="com.testng.UnitTestingTestNG" name="test2" time="0.001"/>
  <system-out/>
</testsuite> <!-- com.testng.UnitTestingTestNG -->
