<?xml version="1.0" encoding="UTF-8"?>
<!-- Generated by org.testng.reporters.JUnitReportReporter -->
<testsuite hostname="LAPTOP-4UU3SGMU" failures="0" tests="1" name="com.testng.parameter.ParameterPassing" time="0.010" errors="0" timestamp="2024-01-20T12:53:59 IST" skipped="0">
  <testcase classname="com.testng.parameter.ParameterPassing" name="test" time="0.010"/>
  <system-out/>
</testsuite> <!-- com.testng.parameter.ParameterPassing -->
