<?xml version="1.0" encoding="UTF-8"?>
<!-- Generated by org.testng.reporters.JUnitReportReporter -->
<testsuite hostname="LAPTOP-4UU3SGMU" failures="0" tests="1" name="com.testng.compare.CompareValues" time="0.012" errors="0" timestamp="2024-01-20T13:06:13 IST" skipped="0">
  <testcase classname="com.testng.compare.CompareValues" name="test" time="0.012"/>
  <system-out/>
</testsuite> <!-- com.testng.compare.CompareValues -->
